INFO:root:2020-05-31 16:58:56: Card #-2210792017746626723 starts recording
INFO:root:2020-05-31 16:58:56: Card #-2210792017746626723 starts recording by url
ERROR:root:2020-05-31 16:58:56: Data for the field "tender_deposit" could not be found
ERROR:root:2020-05-31 16:58:56: Data for the field "contract_deposit" could not be found
ERROR:root:2020-05-31 16:58:56: Data for the field "warranty_deposit" could not be found
INFO:root:2020-05-31 16:58:56: Card #-2210792017746626723 starts recording by documets url https://zakupki.gov.ru/223/purchase/public/purchase/info/documents.html?regNumber=32009195948
INFO:root:2020-05-31 16:58:56: Card #8322448934797138726 starts recording
INFO:root:2020-05-31 16:58:56: Card #8322448934797138726 starts recording by url
ERROR:root:2020-05-31 16:58:56: Data for the field "contract_deposit" could not be found
ERROR:root:2020-05-31 16:58:56: Data for the field "warranty_deposit" could not be found
INFO:root:2020-05-31 16:58:56: Card #8322448934797138726 starts recording by documets url https://zakupki.gov.ru/223/purchase/public/purchase/info/documents.html?regNumber=32009198398
INFO:root:2020-05-31 16:58:56: Card #1001323147724809752 starts recording
INFO:root:2020-05-31 16:58:56: Card #1001323147724809752 starts recording by url
INFO:root:2020-05-31 16:58:57: raw_data = 30, type = <class 'str'>
INFO:root:2020-05-31 16:58:57: contract_deposit = 0.3, type = <class 'float'>
INFO:root:2020-05-31 16:58:57: card_data['price'] = 20000000.0, type = <class 'float'>
INFO:root:2020-05-31 16:58:57: contract_deposit = 6000000.0, type = <class 'float'>
INFO:root:2020-05-31 16:58:57: contract_deposit = 6000000.0, type = <class 'float'>
INFO:root:2020-05-31 16:58:57: card_data['contract_deposit'] = 6000000.0, type = <class 'float'>
ERROR:root:2020-05-31 16:58:57: Data for the field "inn" could not be found
ERROR:root:2020-05-31 16:58:57: Data for the field "author_ogrn" could not be found
ERROR:root:2020-05-31 16:58:57: Data for the field "timezone" could not be found
INFO:root:2020-05-31 16:58:57: Card #1001323147724809752 starts recording by documets url https://zakupki.gov.ru/epz/order/notice/ok504/view/documents.html?regNumber=0273100001620000006
